  Canon.cpp
  C:\Program Files (x86)\Microsoft DirectX SDK (June 2010)\Include\dinput.h: DIRECTINPUT_VERSION undefined. Defaulting to version 0x0800
D:\Game\BlasterMaster\BlasterMaster\BlasterMaster\GlobalConfig.h(183,2): warning C4091: 'extern ': ignored on left of 'STATENAME' when no variable is declared
D:\Game\BlasterMaster\BlasterMaster\BlasterMaster\GlobalConfig.h(242,2): warning C4091: 'extern ': ignored on left of 'STATEOBJECT' when no variable is declared
D:\Game\BlasterMaster\BlasterMaster\BlasterMaster\GlobalConfig.h(272,2): warning C4091: 'extern ': ignored on left of 'TYPE' when no variable is declared
D:\Game\BlasterMaster\BlasterMaster\BlasterMaster\Game.h(8,1): warning C4005: 'DIRECTINPUT_VERSION': macro redefinition
C:\Program Files (x86)\Microsoft DirectX SDK (June 2010)\Include\dinput.h(42): message : see previous definition of 'DIRECTINPUT_VERSION'
  Eyeball.cpp
  C:\Program Files (x86)\Microsoft DirectX SDK (June 2010)\Include\dinput.h: DIRECTINPUT_VERSION undefined. Defaulting to version 0x0800
D:\Game\BlasterMaster\BlasterMaster\BlasterMaster\GlobalConfig.h(183,2): warning C4091: 'extern ': ignored on left of 'STATENAME' when no variable is declared
D:\Game\BlasterMaster\BlasterMaster\BlasterMaster\GlobalConfig.h(242,2): warning C4091: 'extern ': ignored on left of 'STATEOBJECT' when no variable is declared
D:\Game\BlasterMaster\BlasterMaster\BlasterMaster\GlobalConfig.h(272,2): warning C4091: 'extern ': ignored on left of 'TYPE' when no variable is declared
D:\Game\BlasterMaster\BlasterMaster\BlasterMaster\Game.h(8,1): warning C4005: 'DIRECTINPUT_VERSION': macro redefinition
C:\Program Files (x86)\Microsoft DirectX SDK (June 2010)\Include\dinput.h(42): message : see previous definition of 'DIRECTINPUT_VERSION'
  PlayScene.cpp
  C:\Program Files (x86)\Microsoft DirectX SDK (June 2010)\Include\dinput.h: DIRECTINPUT_VERSION undefined. Defaulting to version 0x0800
D:\Game\BlasterMaster\BlasterMaster\BlasterMaster\GlobalConfig.h(183,2): warning C4091: 'extern ': ignored on left of 'STATENAME' when no variable is declared
D:\Game\BlasterMaster\BlasterMaster\BlasterMaster\GlobalConfig.h(242,2): warning C4091: 'extern ': ignored on left of 'STATEOBJECT' when no variable is declared
D:\Game\BlasterMaster\BlasterMaster\BlasterMaster\GlobalConfig.h(272,2): warning C4091: 'extern ': ignored on left of 'TYPE' when no variable is declared
D:\Game\BlasterMaster\BlasterMaster\BlasterMaster\Game.h(8,1): warning C4005: 'DIRECTINPUT_VERSION': macro redefinition
C:\Program Files (x86)\Microsoft DirectX SDK (June 2010)\Include\dinput.h(42): message : see previous definition of 'DIRECTINPUT_VERSION'
D:\Game\BlasterMaster\BlasterMaster\BlasterMaster\PlayScene.cpp(94,20): warning C4018: '<': signed/unsigned mismatch
D:\Game\BlasterMaster\BlasterMaster\BlasterMaster\PlayScene.cpp(126,21): warning C4018: '<': signed/unsigned mismatch
D:\Game\BlasterMaster\BlasterMaster\BlasterMaster\PlayScene.cpp(140,21): warning C4018: '<': signed/unsigned mismatch
D:\Game\BlasterMaster\BlasterMaster\BlasterMaster\PlayScene.cpp(169,10): warning C4244: 'initializing': conversion from 'double' to 'float', possible loss of data
D:\Game\BlasterMaster\BlasterMaster\BlasterMaster\PlayScene.cpp(170,10): warning C4244: 'initializing': conversion from 'double' to 'float', possible loss of data
D:\Game\BlasterMaster\BlasterMaster\BlasterMaster\PlayScene.cpp(201,11): warning C4244: 'initializing': conversion from 'double' to 'float', possible loss of data
D:\Game\BlasterMaster\BlasterMaster\BlasterMaster\PlayScene.cpp(202,11): warning C4244: 'initializing': conversion from 'double' to 'float', possible loss of data
D:\Game\BlasterMaster\BlasterMaster\BlasterMaster\PlayScene.cpp(217,11): warning C4244: 'initializing': conversion from 'double' to 'float', possible loss of data
D:\Game\BlasterMaster\BlasterMaster\BlasterMaster\PlayScene.cpp(218,11): warning C4244: 'initializing': conversion from 'double' to 'float', possible loss of data
D:\Game\BlasterMaster\BlasterMaster\BlasterMaster\PlayScene.cpp(399,20): warning C4018: '<': signed/unsigned mismatch
D:\Game\BlasterMaster\BlasterMaster\BlasterMaster\PlayScene.cpp(432,20): warning C4018: '<': signed/unsigned mismatch
D:\Game\BlasterMaster\BlasterMaster\BlasterMaster\PlayScene.cpp(465,47): warning C4244: 'argument': conversion from 'double' to 'float', possible loss of data
D:\Game\BlasterMaster\BlasterMaster\BlasterMaster\PlayScene.cpp(473,47): warning C4244: 'argument': conversion from 'double' to 'float', possible loss of data
D:\Game\BlasterMaster\BlasterMaster\BlasterMaster\PlayScene.cpp(481,68): warning C4244: 'argument': conversion from 'double' to 'float', possible loss of data
D:\Game\BlasterMaster\BlasterMaster\BlasterMaster\PlayScene.cpp(489,68): warning C4244: 'argument': conversion from 'double' to 'float', possible loss of data
D:\Game\BlasterMaster\BlasterMaster\BlasterMaster\PlayScene.cpp(522,20): warning C4018: '<': signed/unsigned mismatch
D:\Game\BlasterMaster\BlasterMaster\BlasterMaster\PlayScene.cpp(525,20): warning C4018: '<': signed/unsigned mismatch
D:\Game\BlasterMaster\BlasterMaster\BlasterMaster\PlayScene.cpp(528,20): warning C4018: '<': signed/unsigned mismatch
D:\Game\BlasterMaster\BlasterMaster\BlasterMaster\PlayScene.cpp(531,20): warning C4018: '<': signed/unsigned mismatch
D:\Game\BlasterMaster\BlasterMaster\BlasterMaster\PlayScene.cpp(534,20): warning C4018: '<': signed/unsigned mismatch
D:\Game\BlasterMaster\BlasterMaster\BlasterMaster\PlayScene.cpp(537,20): warning C4018: '<': signed/unsigned mismatch
D:\Game\BlasterMaster\BlasterMaster\BlasterMaster\PlayScene.cpp(547,20): warning C4018: '<': signed/unsigned mismatch
D:\Game\BlasterMaster\BlasterMaster\BlasterMaster\PlayScene.cpp(549,20): warning C4018: '<': signed/unsigned mismatch
D:\Game\BlasterMaster\BlasterMaster\BlasterMaster\PlayScene.cpp(551,20): warning C4018: '<': signed/unsigned mismatch
D:\Game\BlasterMaster\BlasterMaster\BlasterMaster\PlayScene.cpp(553,20): warning C4018: '<': signed/unsigned mismatch
D:\Game\BlasterMaster\BlasterMaster\BlasterMaster\PlayScene.cpp(555,20): warning C4018: '<': signed/unsigned mismatch
  Teleporters.cpp
  C:\Program Files (x86)\Microsoft DirectX SDK (June 2010)\Include\dinput.h: DIRECTINPUT_VERSION undefined. Defaulting to version 0x0800
D:\Game\BlasterMaster\BlasterMaster\BlasterMaster\GlobalConfig.h(183,2): warning C4091: 'extern ': ignored on left of 'STATENAME' when no variable is declared
D:\Game\BlasterMaster\BlasterMaster\BlasterMaster\GlobalConfig.h(242,2): warning C4091: 'extern ': ignored on left of 'STATEOBJECT' when no variable is declared
D:\Game\BlasterMaster\BlasterMaster\BlasterMaster\GlobalConfig.h(272,2): warning C4091: 'extern ': ignored on left of 'TYPE' when no variable is declared
D:\Game\BlasterMaster\BlasterMaster\BlasterMaster\Game.h(8,1): warning C4005: 'DIRECTINPUT_VERSION': macro redefinition
C:\Program Files (x86)\Microsoft DirectX SDK (June 2010)\Include\dinput.h(42): message : see previous definition of 'DIRECTINPUT_VERSION'
D:\Game\BlasterMaster\BlasterMaster\BlasterMaster\Teleporters.cpp(57,27): warning C4244: 'argument': conversion from 'int' to 'float', possible loss of data
D:\Game\BlasterMaster\BlasterMaster\BlasterMaster\Teleporters.cpp(57,18): warning C4244: 'argument': conversion from 'int' to 'float', possible loss of data
  Generating Code...
  BlasterMaster.vcxproj -> D:\Game\BlasterMaster\BlasterMaster\Debug\BlasterMaster.exe
