  BigJason.cpp
  C:\Program Files (x86)\Microsoft DirectX SDK (June 2010)\Include\dinput.h: DIRECTINPUT_VERSION undefined. Defaulting to version 0x0800
D:\Game\BlasterMaster\BlasterMaster\BlasterMaster\GlobalConfig.h(183,2): warning C4091: 'extern ': ignored on left of 'STATENAME' when no variable is declared
D:\Game\BlasterMaster\BlasterMaster\BlasterMaster\GlobalConfig.h(242,2): warning C4091: 'extern ': ignored on left of 'STATEOBJECT' when no variable is declared
D:\Game\BlasterMaster\BlasterMaster\BlasterMaster\GlobalConfig.h(272,2): warning C4091: 'extern ': ignored on left of 'TYPE' when no variable is declared
D:\Game\BlasterMaster\BlasterMaster\BlasterMaster\Game.h(8,1): warning C4005: 'DIRECTINPUT_VERSION': macro redefinition
C:\Program Files (x86)\Microsoft DirectX SDK (June 2010)\Include\dinput.h(42): message : see previous definition of 'DIRECTINPUT_VERSION'
  Teleporters.cpp
  C:\Program Files (x86)\Microsoft DirectX SDK (June 2010)\Include\dinput.h: DIRECTINPUT_VERSION undefined. Defaulting to version 0x0800
D:\Game\BlasterMaster\BlasterMaster\BlasterMaster\GlobalConfig.h(183,2): warning C4091: 'extern ': ignored on left of 'STATENAME' when no variable is declared
D:\Game\BlasterMaster\BlasterMaster\BlasterMaster\GlobalConfig.h(242,2): warning C4091: 'extern ': ignored on left of 'STATEOBJECT' when no variable is declared
D:\Game\BlasterMaster\BlasterMaster\BlasterMaster\GlobalConfig.h(272,2): warning C4091: 'extern ': ignored on left of 'TYPE' when no variable is declared
D:\Game\BlasterMaster\BlasterMaster\BlasterMaster\Game.h(8,1): warning C4005: 'DIRECTINPUT_VERSION': macro redefinition
C:\Program Files (x86)\Microsoft DirectX SDK (June 2010)\Include\dinput.h(42): message : see previous definition of 'DIRECTINPUT_VERSION'
D:\Game\BlasterMaster\BlasterMaster\BlasterMaster\Teleporters.h(22,13): warning C4244: '=': conversion from 'int' to 'float', possible loss of data
D:\Game\BlasterMaster\BlasterMaster\BlasterMaster\Teleporters.h(23,13): warning C4244: '=': conversion from 'int' to 'float', possible loss of data
D:\Game\BlasterMaster\BlasterMaster\BlasterMaster\Teleporters.cpp(62,45): warning C4244: 'argument': conversion from 'int' to 'float', possible loss of data
D:\Game\BlasterMaster\BlasterMaster\BlasterMaster\Teleporters.cpp(62,26): warning C4244: 'argument': conversion from 'int' to 'float', possible loss of data
D:\Game\BlasterMaster\BlasterMaster\BlasterMaster\Teleporters.cpp(64,45): warning C4244: 'argument': conversion from 'int' to 'float', possible loss of data
D:\Game\BlasterMaster\BlasterMaster\BlasterMaster\Teleporters.cpp(64,26): warning C4244: 'argument': conversion from 'int' to 'float', possible loss of data
D:\Game\BlasterMaster\BlasterMaster\BlasterMaster\Teleporters.cpp(66,70): warning C4244: 'argument': conversion from 'int' to 'float', possible loss of data
D:\Game\BlasterMaster\BlasterMaster\BlasterMaster\Teleporters.cpp(66,37): warning C4244: 'argument': conversion from 'int' to 'float', possible loss of data
D:\Game\BlasterMaster\BlasterMaster\BlasterMaster\Teleporters.cpp(67,70): warning C4244: 'argument': conversion from 'int' to 'float', possible loss of data
D:\Game\BlasterMaster\BlasterMaster\BlasterMaster\Teleporters.cpp(67,37): warning C4244: 'argument': conversion from 'int' to 'float', possible loss of data
  Generating Code...
Game.obj : error LNK2019: unresolved external symbol Direct3DCreate9 referenced in function "public: void __cdecl Game::Init(struct HWND__ *)" (?Init@Game@@QEAAXPEAUHWND__@@@Z)
Game.obj : error LNK2019: unresolved external symbol D3DXCreateSprite referenced in function "public: void __cdecl Game::Init(struct HWND__ *)" (?Init@Game@@QEAAXPEAUHWND__@@@Z)
Game.obj : error LNK2019: unresolved external symbol DirectInput8Create referenced in function "public: void __cdecl Game::InitKeyboard(void)" (?InitKeyboard@Game@@QEAAXXZ)
Game.obj : error LNK2001: unresolved external symbol IID_IDirectInput8W
Game.obj : error LNK2001: unresolved external symbol GUID_SysKeyboard
Game.obj : error LNK2001: unresolved external symbol c_dfDIKeyboard
Textures.obj : error LNK2019: unresolved external symbol D3DXGetImageInfoFromFileW referenced in function "public: void __cdecl Textures::Add(int,wchar_t const *,unsigned long)" (?Add@Textures@@QEAAXHPEB_WK@Z)
Textures.obj : error LNK2019: unresolved external symbol D3DXCreateTextureFromFileExW referenced in function "public: void __cdecl Textures::Add(int,wchar_t const *,unsigned long)" (?Add@Textures@@QEAAXHPEB_WK@Z)
C:\Program Files (x86)\Microsoft DirectX SDK (June 2010)\Lib\x86\d3dx9.lib : warning LNK4272: library machine type 'x86' conflicts with target machine type 'x64'
C:\Program Files (x86)\Microsoft DirectX SDK (June 2010)\Lib\x86\d3d9.lib : warning LNK4272: library machine type 'x86' conflicts with target machine type 'x64'
C:\Program Files (x86)\Microsoft DirectX SDK (June 2010)\Lib\x86\dxguid.lib : warning LNK4272: library machine type 'x86' conflicts with target machine type 'x64'
C:\Program Files (x86)\Microsoft DirectX SDK (June 2010)\Lib\x86\dxerr.lib : warning LNK4272: library machine type 'x86' conflicts with target machine type 'x64'
C:\Program Files (x86)\Microsoft DirectX SDK (June 2010)\Lib\x86\dinput8.lib : warning LNK4272: library machine type 'x86' conflicts with target machine type 'x64'
D:\Game\BlasterMaster\BlasterMaster\x64\Debug\BlasterMaster.exe : fatal error LNK1120: 8 unresolved externals
